<?xml version="1.0" encoding="UTF-8"?>
<!-- Generated by org.testng.reporters.JUnitXMLReporter -->
<testsuite ignored="4" hostname="5LM4FB3" failures="2" tests="2" name="Surefire test" time="5.142" errors="0" timestamp="2024-05-05T11:39:56 IST">
  <testcase classname="Base_Test_Page.LoginTest" name="loginTests" time="0.007">
    <failure type="java.lang.NullPointerException">
      <![CDATA[java.lang.NullPointerException
at generic_keyword.WebElementsInteractions.goToApplication(WebElementsInteractions.java:23)
at Page.LoginPage.userLogin(LoginPage.java:20)
at Base_Test_Page.LoginTest.loginTests(LoginTest.java:16)
at java.base/java.util.ArrayList.forEach(ArrayList.java:1540)
... Removed 32 stack frames]]>
    </failure>
  </testcase> <!-- loginTests -->
  <testcase classname="Base_Test_Page.ProductPageTest" name="testItemName" time="0.001">
    <failure type="java.lang.NullPointerException">
      <![CDATA[java.lang.NullPointerException
at generic_keyword.WebElementsInteractions.goToApplication(WebElementsInteractions.java:23)
at Page.LoginPage.userLogin(LoginPage.java:20)
at Base_Test_Page.ProductPageTest.testItemName(ProductPageTest.java:15)
at java.base/java.util.ArrayList.forEach(ArrayList.java:1540)
... Removed 32 stack frames]]>
    </failure>
  </testcase> <!-- testItemName -->
  <testcase classname="Base_Test_Page.BaseTest" name="@BeforeTest setupTest" time="0.0">
    <ignored/>
  </testcase> <!-- @BeforeTest setupTest -->
  <testcase classname="Base_Test_Page.BaseTest" name="@BeforeTest setupTest" time="0.0">
    <ignored/>
  </testcase> <!-- @BeforeTest setupTest -->
  <testcase classname="Base_Test_Page.BaseTest" name="@AfterTest tearDown" time="0.0">
    <ignored/>
  </testcase> <!-- @AfterTest tearDown -->
  <testcase classname="Base_Test_Page.BaseTest" name="@AfterTest tearDown" time="0.0">
    <ignored/>
  </testcase> <!-- @AfterTest tearDown -->
</testsuite> <!-- Surefire test -->
